This is METAFONT, Version 2.71828182 (preloaded base=mf 2023.10.16)  16 NOV 2023 00:58
**/home/charlesaverill/Desktop/TheMETAFONTBook/Ch5_RunningMETAFONT/02/io.mf
(/home/charlesaverill/Desktop/TheMETAFONTBook/Ch5_RunningMETAFONT/02/io.mf
The letter O [79]
The letter I [73])
*cd "/home/charlesaverill/Desktop/TheMETAFONTBook/Ch5_RunningMETAFONT/02"
>> cd
! Isolated expression.
<to be read again> 
                   "/home/charlesaverill/Desktop/TheMETAFONTBook/Ch5_Running...
<*> ...top/TheMETAFONTBook/Ch5_RunningMETAFONT/02"
                                                  
? gftodvi "io"*gf
Type <return> to proceed, S to scroll future error messages,
R to run without stopping, Q to run quietly,
I to insert something, 
1 or ... or 9 to ignore the next 1 to 9 tokens of input,
H for help, X to quit.
? dvipdf "io".dvi
Type <return> to proceed, S to scroll future error messages,
R to run without stopping, Q to run quietly,
I to insert something, 
1 or ... or 9 to ignore the next 1 to 9 tokens of input,
H for help, X to quit.
? pdftoppm "io".pdf "io" -png
Type <return> to proceed, S to scroll future error messages,
R to run without stopping, Q to run quietly,
I to insert something, 
1 or ... or 9 to ignore the next 1 to 9 tokens of input,
H for help, X to quit.
? rm "io".pdf
OK, entering nonstopmode...
! Extra tokens will be flushed.
<to be read again> 
                   "/home/charlesaverill/Desktop/TheMETAFONTBook/Ch5_Running...
<*> ...top/TheMETAFONTBook/Ch5_RunningMETAFONT/02"
                                                  
I've just read as much of that statement as I could fathom,
so a semicolon should have been next. It's very puzzling...
but I'll try to get myself back together, by ignoring
everything up to the next `;'. Please insert a semicolon
now in front of anything that you don't want me to delete.
(See Chapter 27 of The METAFONTbook for an example.)

! Emergency stop.
<*> ...top/TheMETAFONTBook/Ch5_RunningMETAFONT/02"
                                                  
*** (job aborted, no legal end found)

Output written on io.2602gf (2 characters, 2568 bytes).
